<?xml version="1.0" encoding="UTF-8"?>
<!-- Generated by org.testng.reporters.JUnitReportReporter -->
<testsuite hostname="Zoes-MacBook-Pro.local" failures="0" tests="1" name="myTestPackage.HelloWorldTestNg" time="0.007" errors="0" timestamp="2023-06-21T10:44:12 EDT" skipped="0">
  <testcase classname="myTestPackage.HelloWorldTestNg" name="sampleTest" time="0.007"/>
</testsuite> <!-- myTestPackage.HelloWorldTestNg -->
